#
# There is insufficient memory for the Java Runtime Environment to continue.
# Native memory allocation (malloc) failed to allocate 102760448 bytes for committing reserved memory.
# Possible reasons:
#   The system is out of physical RAM or swap space
#   In 32 bit mode, the process size limit was hit
# Possible solutions:
#   Reduce memory load on the system
#   Increase physical memory or swap space
#   Check if swap backing store is full
#   Use 64 bit Java on a 64 bit OS
#   Decrease Java heap size (-Xmx/-Xms)
#   Decrease number of Java threads
#   Decrease Java thread stack sizes (-Xss)
#   Set larger code cache with -XX:ReservedCodeCacheSize=
# This output file may be truncated or incomplete.
#
#  Out of Memory Error (os_linux.cpp:2798), pid=27776, tid=140306120685312
#
# JRE version: OpenJDK Runtime Environment (7.0_75-b13) (build 1.7.0_75-b13)
# Java VM: OpenJDK 64-Bit Server VM (24.75-b04 mixed mode linux-amd64 compressed oops)
# Derivative: IcedTea 2.5.4
# Distribution: Ubuntu 14.04 LTS, package 7u75-2.5.4-1~trusty1
# Failed to write core dump. Core dumps have been disabled. To enable core dumping, try "ulimit -c unlimited" before starting Java again
#

---------------  T H R E A D  ---------------

Current thread (0x00007f9b9c13c800):  VMThread [stack: 0x00007f9b906bb000,0x00007f9b907bc000] [id=27792]

Stack: [0x00007f9b906bb000,0x00007f9b907bc000],  sp=0x00007f9b907ba490,  free space=1021k
Native frames: (J=compiled Java code, j=interpreted, Vv=VM code, C=native code)
V  [libjvm.so+0x94a9d5]  VMError::report_and_die()+0x175
V  [libjvm.so+0x48b954]  report_vm_out_of_memory(char const*, int, unsigned long, char const*)+0x74
V  [libjvm.so+0x7c7b7b]  os::pd_commit_memory(char*, unsigned long, unsigned long, bool)+0xeb
V  [libjvm.so+0x7c263f]  os::commit_memory(char*, unsigned long, unsigned long, bool)+0x1f
V  [libjvm.so+0x834b1b]  PSVirtualSpace::expand_by(unsigned long)+0x5b
V  [libjvm.so+0x835970]  PSYoungGen::resize_generation(unsigned long, unsigned long)+0xb0
V  [libjvm.so+0x83605b]  PSYoungGen::resize(unsigned long, unsigned long)+0x1b
V  [libjvm.so+0x832340]  PSScavenge::invoke_no_policy()+0xde0
V  [libjvm.so+0x832b18]  PSScavenge::invoke()+0x38
V  [libjvm.so+0x7e9203]  ParallelScavengeHeap::failed_mem_allocate(unsigned long)+0x63
V  [libjvm.so+0x94c3d4]  VM_ParallelGCFailedAllocation::doit()+0x84
V  [libjvm.so+0x9508d7]  VM_Operation::evaluate()+0x47
V  [libjvm.so+0x94f248]  VMThread::evaluate_operation(VM_Operation*)+0x318
V  [libjvm.so+0x94f6a9]  VMThread::loop()+0x219
V  [libjvm.so+0x94faf2]  VMThread::run()+0x72
V  [libjvm.so+0x7c4a42]  java_start(Thread*)+0xf2

VM_Operation (0x00007f9ba2e45260): ParallelGCFailedAllocation, mode: safepoint, requested by thread 0x00007f9b9c00a000


---------------  P R O C E S S  ---------------

Java Threads: ( => current thread )
  0x00007f9b9c176800 JavaThread "Service Thread" daemon [_thread_blocked, id=27798, stack(0x00007f9b900b5000,0x00007f9b901b6000)]
  0x00007f9b9c174000 JavaThread "C2 CompilerThread1" daemon [_thread_blocked, id=27797, stack(0x00007f9b901b6000,0x00007f9b902b7000)]
  0x00007f9b9c171000 JavaThread "C2 CompilerThread0" daemon [_thread_blocked, id=27796, stack(0x00007f9b902b7000,0x00007f9b903b8000)]
  0x00007f9b9c16f000 JavaThread "Signal Dispatcher" daemon [_thread_blocked, id=27795, stack(0x00007f9b903b8000,0x00007f9b904b9000)]
  0x00007f9b9c143000 JavaThread "Finalizer" daemon [_thread_blocked, id=27794, stack(0x00007f9b904b9000,0x00007f9b905ba000)]
  0x00007f9b9c141000 JavaThread "Reference Handler" daemon [_thread_blocked, id=27793, stack(0x00007f9b905ba000,0x00007f9b906bb000)]
  0x00007f9b9c00a000 JavaThread "main" [_thread_blocked, id=27785, stack(0x00007f9ba2d46000,0x00007f9ba2e47000)]

Other Threads:
=>0x00007f9b9c13c800 VMThread [stack: 0x00007f9b906bb000,0x00007f9b907bc000] [id=27792]
  0x00007f9b9c181000 WatcherThread [stack: 0x00007f9b8b81c000,0x00007f9b8b91d000] [id=27799]

VM state:at safepoint (normal execution)

VM Mutex/Monitor currently owned by a thread:  ([mutex/lock_event])
[0x00007f9b9c006680] Threads_lock - owner thread: 0x00007f9b9c13c800
[0x00007f9b9c006b80] Heap_lock - owner thread: 0x00007f9b9c00a000

Heap
 PSYoungGen      total 64000K, used 2542K [0x00000000eaa80000, 0x00000000eeb80000, 0x0000000100000000)
  eden space 61440K, 0% used [0x00000000eaa80000,0x00000000eaa80000,0x00000000ee680000)
  from space 2560K, 99% used [0x00000000ee680000,0x00000000ee8fbb00,0x00000000ee900000)
  to   space 2560K, 0% used [0x00000000ee900000,0x00000000ee900000,0x00000000eeb80000)
 ParOldGen       total 40960K, used 40228K [0x00000000c0000000, 0x00000000c2800000, 0x00000000eaa80000)
  object space 40960K, 98% used [0x00000000c0000000,0x00000000c2749360,0x00000000c2800000)
 PSPermGen       total 21504K, used 6612K [0x00000000b5a00000, 0x00000000b6f00000, 0x00000000c0000000)
  object space 21504K, 30% used [0x00000000b5a00000,0x00000000b60750d0,0x00000000b6f00000)

Card table byte_map: [0x00007f9b98571000,0x00007f9b987c5000] byte_map_base: 0x00007f9b97fc4000

Polling page: 0x00007f9ba2e6d000

Code Cache  [0x00007f9b987c5000, 0x00007f9b98a35000, 0x00007f9b9b7c5000)
 total_blobs=770 nmethods=522 adapters=201 free_code_cache=47736Kb largest_free_block=48841984

Compilation events (10 events):
Event: 6,396 Thread 0x00007f9b9c174000  522             com.android.dx.io.instructions.ThreeRegisterDecodedInstruction::withIndex (41 bytes)
Event: 6,396 Thread 0x00007f9b9c171000  523             com.android.dx.io.instructions.ThreeRegisterDecodedInstruction::getRegisterCount (2 bytes)
Event: 6,396 Thread 0x00007f9b9c171000 nmethod 523 0x00007f9b9884c750 code [0x00007f9b9884c880, 0x00007f9b9884c8d8]
Event: 6,399 Thread 0x00007f9b9c174000 nmethod 522 0x00007f9b989184d0 code [0x00007f9b98918620, 0x00007f9b989187d8]
Event: 6,404 Thread 0x00007f9b9c171000  524             com.android.dx.io.instructions.InstructionCodec$9::decode (37 bytes)
Event: 6,404 Thread 0x00007f9b9c174000  525             com.android.dx.io.instructions.InstructionCodec$9::encode (22 bytes)
Event: 6,406 Thread 0x00007f9b9c171000 nmethod 524 0x00007f9b98924050 code [0x00007f9b989241a0, 0x00007f9b98924358]
Event: 6,406 Thread 0x00007f9b9c171000  526             com.android.dx.io.instructions.DecodedInstruction::getBUnit (46 bytes)
Event: 6,406 Thread 0x00007f9b9c174000 nmethod 525 0x00007f9b989215d0 code [0x00007f9b98921740, 0x00007f9b98921938]
Event: 6,407 Thread 0x00007f9b9c171000 nmethod 526 0x00007f9b98921350 code [0x00007f9b989214a0, 0x00007f9b98921538]

GC Heap History (9 events):
Event: 4,043 GC heap before
{Heap before GC invocations=1 (full 0):
 PSYoungGen      total 17920K, used 15360K [0x00000000eaa80000, 0x00000000ebe80000, 0x0000000100000000)
  eden space 15360K, 100% used [0x00000000eaa80000,0x00000000eb980000,0x00000000eb980000)
  from space 2560K, 0% used [0x00000000ebc00000,0x00000000ebc00000,0x00000000ebe80000)
  to   space 2560K, 0% used [0x00000000eb980000,0x00000000eb980000,0x00000000ebc00000)
 ParOldGen       total 40960K, used 0K [0x00000000c0000000, 0x00000000c2800000, 0x00000000eaa80000)
  object space 40960K, 0% used [0x00000000c0000000,0x00000000c0000000,0x00000000c2800000)
 PSPermGen       total 21504K, used 5137K [0x00000000b5a00000, 0x00000000b6f00000, 0x00000000c0000000)
  object space 21504K, 23% used [0x00000000b5a00000,0x00000000b5f04678,0x00000000b6f00000)
Event: 4,092 GC heap after
Heap after GC invocations=1 (full 0):
 PSYoungGen      total 17920K, used 2541K [0x00000000eaa80000, 0x00000000ecd80000, 0x0000000100000000)
  eden space 15360K, 0% used [0x00000000eaa80000,0x00000000eaa80000,0x00000000eb980000)
  from space 2560K, 99% used [0x00000000eb980000,0x00000000ebbfb7b8,0x00000000ebc00000)
  to   space 2560K, 0% used [0x00000000ecb00000,0x00000000ecb00000,0x00000000ecd80000)
 ParOldGen       total 40960K, used 3422K [0x00000000c0000000, 0x00000000c2800000, 0x00000000eaa80000)
  object space 40960K, 8% used [0x00000000c0000000,0x00000000c0357b38,0x00000000c2800000)
 PSPermGen       total 21504K, used 5137K [0x00000000b5a00000, 0x00000000b6f00000, 0x00000000c0000000)
  object space 21504K, 23% used [0x00000000b5a00000,0x00000000b5f04678,0x00000000b6f00000)
}
Event: 5,150 GC heap before
{Heap before GC invocations=2 (full 0):
 PSYoungGen      total 17920K, used 17901K [0x00000000eaa80000, 0x00000000ecd80000, 0x0000000100000000)
  eden space 15360K, 100% used [0x00000000eaa80000,0x00000000eb980000,0x00000000eb980000)
  from space 2560K, 99% used [0x00000000eb980000,0x00000000ebbfb7b8,0x00000000ebc00000)
  to   space 2560K, 0% used [0x00000000ecb00000,0x00000000ecb00000,0x00000000ecd80000)
 ParOldGen       total 40960K, used 3422K [0x00000000c0000000, 0x00000000c2800000, 0x00000000eaa80000)
  object space 40960K, 8% used [0x00000000c0000000,0x00000000c0357b38,0x00000000c2800000)
 PSPermGen       total 21504K, used 6491K [0x00000000b5a00000, 0x00000000b6f00000, 0x00000000c0000000)
  object space 21504K, 30% used [0x00000000b5a00000,0x00000000b6056e80,0x00000000b6f00000)
Event: 5,162 GC heap after
Heap after GC invocations=2 (full 0):
 PSYoungGen      total 33280K, used 2542K [0x00000000eaa80000, 0x00000000ecd80000, 0x0000000100000000)
  eden space 30720K, 0% used [0x00000000eaa80000,0x00000000eaa80000,0x00000000ec880000)
  from space 2560K, 99% used [0x00000000ecb00000,0x00000000ecd7bb00,0x00000000ecd80000)
  to   space 2560K, 0% used [0x00000000ec880000,0x00000000ec880000,0x00000000ecb00000)
 ParOldGen       total 40960K, used 7270K [0x00000000c0000000, 0x00000000c2800000, 0x00000000eaa80000)
  object space 40960K, 17% used [0x00000000c0000000,0x00000000c0719b18,0x00000000c2800000)
 PSPermGen       total 21504K, used 6491K [0x00000000b5a00000, 0x00000000b6f00000, 0x00000000c0000000)
  object space 21504K, 30% used [0x00000000b5a00000,0x00000000b6056e80,0x00000000b6f00000)
}
Event: 5,695 GC heap before
{Heap before GC invocations=3 (full 0):
 PSYoungGen      total 33280K, used 33262K [0x00000000eaa80000, 0x00000000ecd80000, 0x0000000100000000)
  eden space 30720K, 100% used [0x00000000eaa80000,0x00000000ec880000,0x00000000ec880000)
  from space 2560K, 99% used [0x00000000ecb00000,0x00000000ecd7bb00,0x00000000ecd80000)
  to   space 2560K, 0% used [0x00000000ec880000,0x00000000ec880000,0x00000000ecb00000)
 ParOldGen       total 40960K, used 7270K [0x00000000c0000000, 0x00000000c2800000, 0x00000000eaa80000)
  object space 40960K, 17% used [0x00000000c0000000,0x00000000c0719b18,0x00000000c2800000)
 PSPermGen       total 21504K, used 6572K [0x00000000b5a00000, 0x00000000b6f00000, 0x00000000c0000000)
  object space 21504K, 30% used [0x00000000b5a00000,0x00000000b606b1f8,0x00000000b6f00000)
Event: 5,710 GC heap after
Heap after GC invocations=3 (full 0):
 PSYoungGen      total 33280K, used 2542K [0x00000000eaa80000, 0x00000000eeb80000, 0x0000000100000000)
  eden space 30720K, 0% used [0x00000000eaa80000,0x00000000eaa80000,0x00000000ec880000)
  from space 2560K, 99% used [0x00000000ec880000,0x00000000ecafbb20,0x00000000ecb00000)
  to   space 2560K, 0% used [0x00000000ee900000,0x00000000ee900000,0x00000000eeb80000)
 ParOldGen       total 40960K, used 16807K [0x00000000c0000000, 0x00000000c2800000, 0x00000000eaa80000)
  object space 40960K, 41% used [0x00000000c0000000,0x00000000c1069f50,0x00000000c2800000)
 PSPermGen       total 21504K, used 6572K [0x00000000b5a00000, 0x00000000b6f00000, 0x00000000c0000000)
  object space 21504K, 30% used [0x00000000b5a00000,0x00000000b606b1f8,0x00000000b6f00000)
}
Event: 6,038 GC heap before
{Heap before GC invocations=4 (full 0):
 PSYoungGen      total 33280K, used 33262K [0x00000000eaa80000, 0x00000000eeb80000, 0x0000000100000000)
  eden space 30720K, 100% used [0x00000000eaa80000,0x00000000ec880000,0x00000000ec880000)
  from space 2560K, 99% used [0x00000000ec880000,0x00000000ecafbb20,0x00000000ecb00000)
  to   space 2560K, 0% used [0x00000000ee900000,0x00000000ee900000,0x00000000eeb80000)
 ParOldGen       total 40960K, used 16807K [0x00000000c0000000, 0x00000000c2800000, 0x00000000eaa80000)
  object space 40960K, 41% used [0x00000000c0000000,0x00000000c1069f50,0x00000000c2800000)
 PSPermGen       total 21504K, used 6597K [0x00000000b5a00000, 0x00000000b6f00000, 0x00000000c0000000)
  object space 21504K, 30% used [0x00000000b5a00000,0x00000000b6071708,0x00000000b6f00000)
Event: 6,086 GC heap after
Heap after GC invocations=4 (full 0):
 PSYoungGen      total 64000K, used 2542K [0x00000000eaa80000, 0x00000000eeb80000, 0x0000000100000000)
  eden space 61440K, 0% used [0x00000000eaa80000,0x00000000eaa80000,0x00000000ee680000)
  from space 2560K, 99% used [0x00000000ee900000,0x00000000eeb7bb00,0x00000000eeb80000)
  to   space 2560K, 0% used [0x00000000ee680000,0x00000000ee680000,0x00000000ee900000)
 ParOldGen       total 40960K, used 19716K [0x00000000c0000000, 0x00000000c2800000, 0x00000000eaa80000)
  object space 40960K, 48% used [0x00000000c0000000,0x00000000c1341160,0x00000000c2800000)
 PSPermGen       total 21504K, used 6597K [0x00000000b5a00000, 0x00000000b6f00000, 0x00000000c0000000)
  object space 21504K, 30% used [0x00000000b5a00000,0x00000000b6071708,0x00000000b6f00000)
}
Event: 6,436 GC heap before
{Heap before GC invocations=5 (full 0):
 PSYoungGen      total 64000K, used 63982K [0x00000000eaa80000, 0x00000000eeb80000, 0x0000000100000000)
  eden space 61440K, 100% used [0x00000000eaa80000,0x00000000ee680000,0x00000000ee680000)
  from space 2560K, 99% used [0x00000000ee900000,0x00000000eeb7bb00,0x00000000eeb80000)
  to   space 2560K, 0% used [0x00000000ee680000,0x00000000ee680000,0x00000000ee900000)
 ParOldGen       total 40960K, used 19716K [0x00000000c0000000, 0x00000000c2800000, 0x00000000eaa80000)
  object space 40960K, 48% used [0x00000000c0000000,0x00000000c1341160,0x00000000c2800000)
 PSPermGen       total 21504K, used 6612K [0x00000000b5a00000, 0x00000000b6f00000, 0x00000000c0000000)
  object space 21504K, 30% used [0x00000000b5a00000,0x00000000b60750d0,0x00000000b6f00000)

Deoptimization events (10 events):
Event: 5,266 Thread 0x00007f9b9c00a000 Uncommon trap: reason=predicate action=maybe_recompile pc=0x00007f9b9888f5b8 method=com.android.dex.Leb128.readUnsignedLeb128(Lcom/android/dex/util/ByteInput;)I @ 41
Event: 5,941 Thread 0x00007f9b9c00a000 Uncommon trap: reason=predicate action=maybe_recompile pc=0x00007f9b988cf704 method=java.util.ComparableTimSort.binarySort([Ljava/lang/Object;III)V @ 37
Event: 6,140 Thread 0x00007f9b9c00a000 Uncommon trap: reason=array_check action=maybe_recompile pc=0x00007f9b98906dac method=java.util.ComparableTimSort.binarySort([Ljava/lang/Object;III)V @ 215
Event: 6,140 Thread 0x00007f9b9c00a000 Uncommon trap: reason=array_check action=maybe_recompile pc=0x00007f9b98906e8c method=java.util.ComparableTimSort.binarySort([Ljava/lang/Object;III)V @ 193
Event: 6,191 Thread 0x00007f9b9c00a000 Uncommon trap: reason=predicate action=maybe_recompile pc=0x00007f9b989089d8 method=java.util.TimSort.binarySort([Ljava/lang/Object;IIILjava/util/Comparator;)V @ 37
Event: 6,291 Thread 0x00007f9b9c00a000 Uncommon trap: reason=array_check action=maybe_recompile pc=0x00007f9b98906e8c method=java.util.ComparableTimSort.binarySort([Ljava/lang/Object;III)V @ 193
Event: 6,360 Thread 0x00007f9b9c00a000 Uncommon trap: reason=array_check action=maybe_recompile pc=0x00007f9b9891493c method=java.util.TimSort.binarySort([Ljava/lang/Object;IIILjava/util/Comparator;)V @ 193
Event: 6,360 Thread 0x00007f9b9c00a000 Uncommon trap: reason=array_check action=maybe_recompile pc=0x00007f9b98914a0c method=java.util.TimSort.binarySort([Ljava/lang/Object;IIILjava/util/Comparator;)V @ 183
Event: 6,361 Thread 0x00007f9b9c00a000 Uncommon trap: reason=array_check action=maybe_recompile pc=0x00007f9b9891493c method=java.util.TimSort.binarySort([Ljava/lang/Object;IIILjava/util/Comparator;)V @ 193
Event: 6,361 Thread 0x00007f9b9c00a000 Uncommon trap: reason=array_check action=maybe_recompile pc=0x00007f9b98914a0c method=java.util.TimSort.binarySort([Ljava/lang/Object;IIILjava/util/Comparator;)V @ 183

Internal exceptions (10 events):
Event: 4,993 Thread 0x00007f9b9c00a000 Threw 0x00000000eb770120 at /build/buildd/openjdk-7-7u75-2.5.4/build/openjdk/hotspot/src/share/vm/prims/jvm.cpp:1284
Event: 4,994 Thread 0x00007f9b9c00a000 Threw 0x00000000eb773df0 at /build/buildd/openjdk-7-7u75-2.5.4/build/openjdk/hotspot/src/share/vm/prims/jvm.cpp:1284
Event: 4,994 Thread 0x00007f9b9c00a000 Threw 0x00000000eb777ba0 at /build/buildd/openjdk-7-7u75-2.5.4/build/openjdk/hotspot/src/share/vm/prims/jvm.cpp:1284
Event: 4,995 Thread 0x00007f9b9c00a000 Threw 0x00000000eb77c240 at /build/buildd/openjdk-7-7u75-2.5.4/build/openjdk/hotspot/src/share/vm/prims/jvm.cpp:1284
Event: 4,995 Thread 0x00007f9b9c00a000 Threw 0x00000000eb77fe18 at /build/buildd/openjdk-7-7u75-2.5.4/build/openjdk/hotspot/src/share/vm/prims/jvm.cpp:1284
Event: 4,996 Thread 0x00007f9b9c00a000 Threw 0x00000000eb783be8 at /build/buildd/openjdk-7-7u75-2.5.4/build/openjdk/hotspot/src/share/vm/prims/jvm.cpp:1284
Event: 4,996 Thread 0x00007f9b9c00a000 Threw 0x00000000eb787708 at /build/buildd/openjdk-7-7u75-2.5.4/build/openjdk/hotspot/src/share/vm/prims/jvm.cpp:1284
Event: 4,998 Thread 0x00007f9b9c00a000 Threw 0x00000000eb78f018 at /build/buildd/openjdk-7-7u75-2.5.4/build/openjdk/hotspot/src/share/vm/prims/jvm.cpp:1284
Event: 4,999 Thread 0x00007f9b9c00a000 Threw 0x00000000eb791ca8 at /build/buildd/openjdk-7-7u75-2.5.4/build/openjdk/hotspot/src/share/vm/prims/jvm.cpp:1284
Event: 5,573 Thread 0x00007f9b9c00a000 Threw 0x00000000ebc27e30 at /build/buildd/openjdk-7-7u75-2.5.4/build/openjdk/hotspot/src/share/vm/prims/jvm.cpp:1284

Events (10 events):
Event: 6,360 Thread 0x00007f9b9c00a000 Uncommon trap: trap_request=0xffffffd6 fr.pc=0x00007f9b98914a0c
Event: 6,360 Thread 0x00007f9b9c00a000 DEOPT PACKING pc=0x00007f9b98914a0c sp=0x00007f9ba2e45490
Event: 6,360 Thread 0x00007f9b9c00a000 DEOPT UNPACKING pc=0x00007f9b987fe445 sp=0x00007f9ba2e45458 mode 2
Event: 6,361 Thread 0x00007f9b9c00a000 Uncommon trap: trap_request=0xffffffd6 fr.pc=0x00007f9b9891493c
Event: 6,361 Thread 0x00007f9b9c00a000 DEOPT PACKING pc=0x00007f9b9891493c sp=0x00007f9ba2e45490
Event: 6,361 Thread 0x00007f9b9c00a000 DEOPT UNPACKING pc=0x00007f9b987fe445 sp=0x00007f9ba2e45458 mode 2
Event: 6,361 Thread 0x00007f9b9c00a000 Uncommon trap: trap_request=0xffffffd6 fr.pc=0x00007f9b98914a0c
Event: 6,361 Thread 0x00007f9b9c00a000 DEOPT PACKING pc=0x00007f9b98914a0c sp=0x00007f9ba2e45490
Event: 6,361 Thread 0x00007f9b9c00a000 DEOPT UNPACKING pc=0x00007f9b987fe445 sp=0x00007f9ba2e45458 mode 2
Event: 6,435 Executing VM operation: ParallelGCFailedAllocation


Dynamic libraries:
00400000-00401000 r-xp 00000000 08:06 409651                             /usr/lib/jvm/java-7-openjdk-amd64/jre/bin/java
00600000-00601000 r--p 00000000 08:06 409651                             /usr/lib/jvm/java-7-openjdk-amd64/jre/bin/java
00601000-00602000 rw-p 00001000 08:06 409651                             /usr/lib/jvm/java-7-openjdk-amd64/jre/bin/java
00ad4000-00af5000 rw-p 00000000 00:00 0                                  [heap]
b5a00000-b6f00000 rw-p 00000000 00:00 0 
b6f00000-c0000000 rw-p 00000000 00:00 0 
c0000000-c2800000 rw-p 00000000 00:00 0 
c2800000-eaa80000 rw-p 00000000 00:00 0 
eaa80000-eeb80000 rw-p 00000000 00:00 0 
f4d80000-100000000 rw-p 00000000 00:00 0 
7f9b5c000000-7f9b5c021000 rw-p 00000000 00:00 0 
7f9b5c021000-7f9b60000000 ---p 00000000 00:00 0 
7f9b64000000-7f9b648c2000 rw-p 00000000 00:00 0 
7f9b648c2000-7f9b68000000 ---p 00000000 00:00 0 
7f9b68000000-7f9b68021000 rw-p 00000000 00:00 0 
7f9b68021000-7f9b6c000000 ---p 00000000 00:00 0 
7f9b6c000000-7f9b6c021000 rw-p 00000000 00:00 0 
7f9b6c021000-7f9b70000000 ---p 00000000 00:00 0 
7f9b70000000-7f9b708bc000 rw-p 00000000 00:00 0 
7f9b708bc000-7f9b74000000 ---p 00000000 00:00 0 
7f9b74000000-7f9b74021000 rw-p 00000000 00:00 0 
7f9b74021000-7f9b78000000 ---p 00000000 00:00 0 
7f9b78000000-7f9b78021000 rw-p 00000000 00:00 0 
7f9b78021000-7f9b7c000000 ---p 00000000 00:00 0 
7f9b7c000000-7f9b7c021000 rw-p 00000000 00:00 0 
7f9b7c021000-7f9b80000000 ---p 00000000 00:00 0 
7f9b80000000-7f9b800e0000 rw-p 00000000 00:00 0 
7f9b800e0000-7f9b84000000 ---p 00000000 00:00 0 
7f9b84000000-7f9b84021000 rw-p 00000000 00:00 0 
7f9b84021000-7f9b88000000 ---p 00000000 00:00 0 
7f9b89f3d000-7f9b8a09e000 rw-p 00000000 00:00 0 
7f9b8a09e000-7f9b8a0db000 r-xp 00000000 08:06 1052837                    /lib/x86_64-linux-gnu/libpcre.so.3.13.1
7f9b8a0db000-7f9b8a2da000 ---p 0003d000 08:06 1052837                    /lib/x86_64-linux-gnu/libpcre.so.3.13.1
7f9b8a2da000-7f9b8a2db000 r--p 0003c000 08:06 1052837                    /lib/x86_64-linux-gnu/libpcre.so.3.13.1
7f9b8a2db000-7f9b8a2dc000 rw-p 0003d000 08:06 1052837                    /lib/x86_64-linux-gnu/libpcre.so.3.13.1
7f9b8a2dc000-7f9b8a2e3000 r-xp 00000000 08:06 403005                     /usr/lib/x86_64-linux-gnu/libffi.so.6.0.1
7f9b8a2e3000-7f9b8a4e2000 ---p 00007000 08:06 403005                     /usr/lib/x86_64-linux-gnu/libffi.so.6.0.1
7f9b8a4e2000-7f9b8a4e3000 r--p 00006000 08:06 403005                     /usr/lib/x86_64-linux-gnu/libffi.so.6.0.1
7f9b8a4e3000-7f9b8a4e4000 rw-p 00007000 08:06 403005                     /usr/lib/x86_64-linux-gnu/libffi.so.6.0.1
7f9b8a4e4000-7f9b8a4fb000 r-xp 00000000 08:06 1048591                    /lib/x86_64-linux-gnu/libresolv-2.19.so
7f9b8a4fb000-7f9b8a6fb000 ---p 00017000 08:06 1048591                    /lib/x86_64-linux-gnu/libresolv-2.19.so
7f9b8a6fb000-7f9b8a6fc000 r--p 00017000 08:06 1048591                    /lib/x86_64-linux-gnu/libresolv-2.19.so
7f9b8a6fc000-7f9b8a6fd000 rw-p 00018000 08:06 1048591                    /lib/x86_64-linux-gnu/libresolv-2.19.so
7f9b8a6fd000-7f9b8a6ff000 rw-p 00000000 00:00 0 
7f9b8a6ff000-7f9b8a71f000 r-xp 00000000 08:06 1052864                    /lib/x86_64-linux-gnu/libselinux.so.1
7f9b8a71f000-7f9b8a91e000 ---p 00020000 08:06 1052864                    /lib/x86_64-linux-gnu/libselinux.so.1
7f9b8a91e000-7f9b8a91f000 r--p 0001f000 08:06 1052864                    /lib/x86_64-linux-gnu/libselinux.so.1
7f9b8a91f000-7f9b8a920000 rw-p 00020000 08:06 1052864                    /lib/x86_64-linux-gnu/libselinux.so.1
7f9b8a920000-7f9b8a922000 rw-p 00000000 00:00 0 
7f9b8a922000-7f9b8a925000 r-xp 00000000 08:06 403118                     /usr/lib/x86_64-linux-gnu/libgmodule-2.0.so.0.4002.0
7f9b8a925000-7f9b8ab24000 ---p 00003000 08:06 403118                     /usr/lib/x86_64-linux-gnu/libgmodule-2.0.so.0.4002.0
7f9b8ab24000-7f9b8ab25000 r--p 00002000 08:06 403118                     /usr/lib/x86_64-linux-gnu/libgmodule-2.0.so.0.4002.0
7f9b8ab25000-7f9b8ab26000 rw-p 00003000 08:06 403118                     /usr/lib/x86_64-linux-gnu/libgmodule-2.0.so.0.4002.0
7f9b8ab26000-7f9b8ac2c000 r-xp 00000000 08:06 1052765                    /lib/x86_64-linux-gnu/libglib-2.0.so.0.4002.0
7f9b8ac2c000-7f9b8ae2b000 ---p 00106000 08:06 1052765                    /lib/x86_64-linux-gnu/libglib-2.0.so.0.4002.0
7f9b8ae2b000-7f9b8ae2c000 r--p 00105000 08:06 1052765                    /lib/x86_64-linux-gnu/libglib-2.0.so.0.4002.0
7f9b8ae2c000-7f9b8ae2d000 rw-p 00106000 08:06 1052765                    /lib/x86_64-linux-gnu/libglib-2.0.so.0.4002.0
7f9b8ae2d000-7f9b8ae2e000 rw-p 00000000 00:00 0 
7f9b8ae2e000-7f9b8ae7d000 r-xp 00000000 08:06 403134                     /usr/lib/x86_64-linux-gnu/libgobject-2.0.so.0.4002.0
7f9b8ae7d000-7f9b8b07d000 ---p 0004f000 08:06 403134                     /usr/lib/x86_64-linux-gnu/libgobject-2.0.so.0.4002.0
7f9b8b07d000-7f9b8b07e000 r--p 0004f000 08:06 403134                     /usr/lib/x86_64-linux-gnu/libgobject-2.0.so.0.4002.0
7f9b8b07e000-7f9b8b07f000 rw-p 00050000 08:06 403134                     /usr/lib/x86_64-linux-gnu/libgobject-2.0.so.0.4002.0
7f9b8b07f000-7f9b8b1eb000 r-xp 00000000 08:06 403106                     /usr/lib/x86_64-linux-gnu/libgio-2.0.so.0.4002.0
7f9b8b1eb000-7f9b8b3ea000 ---p 0016c000 08:06 403106                     /usr/lib/x86_64-linux-gnu/libgio-2.0.so.0.4002.0
7f9b8b3ea000-7f9b8b3ee000 r--p 0016b000 08:06 403106                     /usr/lib/x86_64-linux-gnu/libgio-2.0.so.0.4002.0
7f9b8b3ee000-7f9b8b3f0000 rw-p 0016f000 08:06 403106                     /usr/lib/x86_64-linux-gnu/libgio-2.0.so.0.4002.0
7f9b8b3f0000-7f9b8b3f2000 rw-p 00000000 00:00 0 
7f9b8b3f2000-7f9b8b409000 r-xp 00000000 08:06 409621                     /usr/lib/jvm/java-7-openjdk-amd64/jre/lib/amd64/libnet.so
7f9b8b409000-7f9b8b608000 ---p 00017000 08:06 409621                     /usr/lib/jvm/java-7-openjdk-amd64/jre/lib/amd64/libnet.so
7f9b8b608000-7f9b8b609000 r--p 00016000 08:06 409621                     /usr/lib/jvm/java-7-openjdk-amd64/jre/lib/amd64/libnet.so
7f9b8b609000-7f9b8b60a000 rw-p 00017000 08:06 409621                     /usr/lib/jvm/java-7-openjdk-amd64/jre/lib/amd64/libnet.so
7f9b8b60a000-7f9b8b61a000 r-xp 00000000 08:06 409617                     /usr/lib/jvm/java-7-openjdk-amd64/jre/lib/amd64/libnio.so
7f9b8b61a000-7f9b8b81a000 ---p 00010000 08:06 409617                     /usr/lib/jvm/java-7-openjdk-amd64/jre/lib/amd64/libnio.so
7f9b8b81a000-7f9b8b81b000 r--p 00010000 08:06 409617                     /usr/lib/jvm/java-7-openjdk-amd64/jre/lib/amd64/libnio.so
7f9b8b81b000-7f9b8b81c000 rw-p 00011000 08:06 409617                     /usr/lib/jvm/java-7-openjdk-amd64/jre/lib/amd64/libnio.so
7f9b8b81c000-7f9b8b81d000 ---p 00000000 00:00 0 
7f9b8b81d000-7f9b8b91d000 rw-p 00000000 00:00 0                          [stack:27799]
7f9b8b91d000-7f9b8c000000 r--p 00000000 08:06 401367                     /usr/lib/locale/locale-archive
7f9b8c000000-7f9b8c021000 rw-p 00000000 00:00 0 
7f9b8c021000-7f9b90000000 ---p 00000000 00:00 0 
7f9b900b5000-7f9b900b8000 ---p 00000000 00:00 0 
7f9b900b8000-7f9b901b6000 rw-p 00000000 00:00 0                          [stack:27798]
7f9b901b6000-7f9b901b9000 ---p 00000000 00:00 0 
7f9b901b9000-7f9b902b7000 rw-p 00000000 00:00 0                          [stack:27797]
7f9b902b7000-7f9b902ba000 ---p 00000000 00:00 0 
7f9b902ba000-7f9b903b8000 rw-p 00000000 00:00 0                          [stack:27796]
7f9b903b8000-7f9b903bb000 ---p 00000000 00:00 0 
7f9b903bb000-7f9b904b9000 rw-p 00000000 00:00 0                          [stack:27795]
7f9b904b9000-7f9b904bc000 ---p 00000000 00:00 0 
7f9b904bc000-7f9b905ba000 rw-p 00000000 00:00 0                          [stack:27794]
7f9b905ba000-7f9b905bd000 ---p 00000000 00:00 0 
7f9b905bd000-7f9b906bb000 rw-p 00000000 00:00 0                          [stack:27793]
7f9b906bb000-7f9b906bc000 ---p 00000000 00:00 0 
7f9b906bc000-7f9b916cb000 rw-p 00000000 00:00 0                          [stack:27792]
7f9b916cb000-7f9b9187d000 r--s 01d23000 08:06 409585                     /usr/lib/jvm/java-7-openjdk-amd64/jre/lib/rt.jar
7f9b9187d000-7f9b94000000 rw-p 00000000 00:00 0 
7f9b94000000-7f9b94021000 rw-p 00000000 00:00 0 
7f9b94021000-7f9b98000000 ---p 00000000 00:00 0 
7f9b98053000-7f9b9816d000 rw-p 00000000 00:00 0 
7f9b9816d000-7f9b9816e000 ---p 00000000 00:00 0 
7f9b9816e000-7f9b9826e000 rw-p 00000000 00:00 0                          [stack:27791]
7f9b9826e000-7f9b9826f000 ---p 00000000 00:00 0 
7f9b9826f000-7f9b9836f000 rw-p 00000000 00:00 0                          [stack:27790]
7f9b9836f000-7f9b98370000 ---p 00000000 00:00 0 
7f9b98370000-7f9b98470000 rw-p 00000000 00:00 0                          [stack:27789]
7f9b98470000-7f9b98471000 ---p 00000000 00:00 0 
7f9b98471000-7f9b9857c000 rw-p 00000000 00:00 0                          [stack:27788]
7f9b9857c000-7f9b985c4000 rw-p 00000000 00:00 0 
7f9b985c4000-7f9b985d8000 rw-p 00000000 00:00 0 
7f9b985d8000-7f9b98719000 rw-p 00000000 00:00 0 
7f9b98719000-7f9b9873a000 rw-p 00000000 00:00 0 
7f9b9873a000-7f9b987c4000 rw-p 00000000 00:00 0 
7f9b987c4000-7f9b987c5000 rw-p 00000000 00:00 0 
7f9b987c5000-7f9b98a35000 rwxp 00000000 00:00 0 
7f9b98a35000-7f9b9b7c5000 rw-p 00000000 00:00 0 
7f9b9b7c5000-7f9b9b7cd000 r-xp 00000000 08:06 409647                     /usr/lib/jvm/java-7-openjdk-amd64/jre/lib/amd64/libzip.so
7f9b9b7cd000-7f9b9b9cc000 ---p 00008000 08:06 409647                     /usr/lib/jvm/java-7-openjdk-amd64/jre/lib/amd64/libzip.so
7f9b9b9cc000-7f9b9b9cd000 r--p 00007000 08:06 409647                     /usr/lib/jvm/java-7-openjdk-amd64/jre/lib/amd64/libzip.so
7f9b9b9cd000-7f9b9b9ce000 rw-p 00008000 08:06 409647                     /usr/lib/jvm/java-7-openjdk-amd64/jre/lib/amd64/libzip.so
7f9b9b9ce000-7f9b9b9d9000 r-xp 00000000 08:06 1048602                    /lib/x86_64-linux-gnu/libnss_files-2.19.so
7f9b9b9d9000-7f9b9bbd8000 ---p 0000b000 08:06 1048602                    /lib/x86_64-linux-gnu/libnss_files-2.19.so
7f9b9bbd8000-7f9b9bbd9000 r--p 0000a000 08:06 1048602                    /lib/x86_64-linux-gnu/libnss_files-2.19.so
7f9b9bbd9000-7f9b9bbda000 rw-p 0000b000 08:06 1048602                    /lib/x86_64-linux-gnu/libnss_files-2.19.so
7f9b9bbda000-7f9b9bbe5000 r-xp 00000000 08:06 1052704                    /lib/x86_64-linux-gnu/libnss_nis-2.19.so
7f9b9bbe5000-7f9b9bde4000 ---p 0000b000 08:06 1052704                    /lib/x86_64-linux-gnu/libnss_nis-2.19.so
7f9b9bde4000-7f9b9bde5000 r--p 0000a000 08:06 1052704                    /lib/x86_64-linux-gnu/libnss_nis-2.19.so
7f9b9bde5000-7f9b9bde6000 rw-p 0000b000 08:06 1052704                    /lib/x86_64-linux-gnu/libnss_nis-2.19.so
7f9b9bde6000-7f9b9bdfd000 r-xp 00000000 08:06 1048671                    /lib/x86_64-linux-gnu/libnsl-2.19.so
7f9b9bdfd000-7f9b9bffc000 ---p 00017000 08:06 1048671                    /lib/x86_64-linux-gnu/libnsl-2.19.so
7f9b9bffc000-7f9b9bffd000 r--p 00016000 08:06 1048671                    /lib/x86_64-linux-gnu/libnsl-2.19.so
7f9b9bffd000-7f9b9bffe000 rw-p 00017000 08:06 1048671                    /lib/x86_64-linux-gnu/libnsl-2.19.so
7f9b9bffe000-7f9b9c000000 rw-p 00000000 00:00 0 
7f9b9c000000-7f9b9c36b000 rw-p 00000000 00:00 0 
7f9b9c36b000-7f9ba0000000 ---p 00000000 00:00 0 
7f9ba000f000-7f9ba0013000 r--s 0004d000 08:06 409604                     /usr/lib/jvm/java-7-openjdk-amd64/jre/lib/jsse.jar
7f9ba0013000-7f9ba0022000 r--s 000dd000 08:06 286679                     /home/ngolebaoloc/android-sdk-linux/build-tools/21.1.2/lib/dx.jar
7f9ba0022000-7f9ba002d000 rw-p 00000000 00:00 0 
7f9ba002d000-7f9ba0075000 rw-p 00000000 00:00 0 
7f9ba0075000-7f9ba0089000 rw-p 00000000 00:00 0 
7f9ba0089000-7f9ba01cb000 rw-p 00000000 00:00 0 
7f9ba01cb000-7f9ba01d4000 r-xp 00000000 08:06 1048670                    /lib/x86_64-linux-gnu/libnss_compat-2.19.so
7f9ba01d4000-7f9ba03d3000 ---p 00009000 08:06 1048670                    /lib/x86_64-linux-gnu/libnss_compat-2.19.so
7f9ba03d3000-7f9ba03d4000 r--p 00008000 08:06 1048670                    /lib/x86_64-linux-gnu/libnss_compat-2.19.so
7f9ba03d4000-7f9ba03d5000 rw-p 00009000 08:06 1048670                    /lib/x86_64-linux-gnu/libnss_compat-2.19.so
7f9ba03d5000-7f9ba0400000 r-xp 00000000 08:06 409631                     /usr/lib/jvm/java-7-openjdk-amd64/jre/lib/amd64/libjava.so
7f9ba0400000-7f9ba0600000 ---p 0002b000 08:06 409631                     /usr/lib/jvm/java-7-openjdk-amd64/jre/lib/amd64/libjava.so
7f9ba0600000-7f9ba0601000 r--p 0002b000 08:06 409631                     /usr/lib/jvm/java-7-openjdk-amd64/jre/lib/amd64/libjava.so
7f9ba0601000-7f9ba0603000 rw-p 0002c000 08:06 409631                     /usr/lib/jvm/java-7-openjdk-amd64/jre/lib/amd64/libjava.so
7f9ba0603000-7f9ba0613000 r-xp 00000000 08:06 409630                     /usr/lib/jvm/java-7-openjdk-amd64/jre/lib/amd64/libverify.so
7f9ba0613000-7f9ba0812000 ---p 00010000 08:06 409630                     /usr/lib/jvm/java-7-openjdk-amd64/jre/lib/amd64/libverify.so
7f9ba0812000-7f9ba0814000 r--p 0000f000 08:06 409630                     /usr/lib/jvm/java-7-openjdk-amd64/jre/lib/amd64/libverify.so
7f9ba0814000-7f9ba0815000 rw-p 00011000 08:06 409630                     /usr/lib/jvm/java-7-openjdk-amd64/jre/lib/amd64/libverify.so
7f9ba0815000-7f9ba081c000 r-xp 00000000 08:06 1048679                    /lib/x86_64-linux-gnu/librt-2.19.so
7f9ba081c000-7f9ba0a1b000 ---p 00007000 08:06 1048679                    /lib/x86_64-linux-gnu/librt-2.19.so
7f9ba0a1b000-7f9ba0a1c000 r--p 00006000 08:06 1048679                    /lib/x86_64-linux-gnu/librt-2.19.so
7f9ba0a1c000-7f9ba0a1d000 rw-p 00007000 08:06 1048679                    /lib/x86_64-linux-gnu/librt-2.19.so
7f9ba0a1d000-7f9ba0a33000 r-xp 00000000 08:06 1052761                    /lib/x86_64-linux-gnu/libgcc_s.so.1
7f9ba0a33000-7f9ba0c32000 ---p 00016000 08:06 1052761                    /lib/x86_64-linux-gnu/libgcc_s.so.1
7f9ba0c32000-7f9ba0c33000 rw-p 00015000 08:06 1052761                    /lib/x86_64-linux-gnu/libgcc_s.so.1
7f9ba0c33000-7f9ba0d38000 r-xp 00000000 08:06 1048595                    /lib/x86_64-linux-gnu/libm-2.19.so
7f9ba0d38000-7f9ba0f37000 ---p 00105000 08:06 1048595                    /lib/x86_64-linux-gnu/libm-2.19.so
7f9ba0f37000-7f9ba0f38000 r--p 00104000 08:06 1048595                    /lib/x86_64-linux-gnu/libm-2.19.so
7f9ba0f38000-7f9ba0f39000 rw-p 00105000 08:06 1048595                    /lib/x86_64-linux-gnu/libm-2.19.so
7f9ba0f39000-7f9ba101f000 r-xp 00000000 08:06 403627                     /usr/lib/x86_64-linux-gnu/libstdc++.so.6.0.19
7f9ba101f000-7f9ba121e000 ---p 000e6000 08:06 403627                     /usr/lib/x86_64-linux-gnu/libstdc++.so.6.0.19
7f9ba121e000-7f9ba1226000 r--p 000e5000 08:06 403627                     /usr/lib/x86_64-linux-gnu/libstdc++.so.6.0.19
7f9ba1226000-7f9ba1228000 rw-p 000ed000 08:06 403627                     /usr/lib/x86_64-linux-gnu/libstdc++.so.6.0.19
7f9ba1228000-7f9ba123d000 rw-p 00000000 00:00 0 
7f9ba123d000-7f9ba1d55000 r-xp 00000000 08:06 409636                     /usr/lib/jvm/java-7-openjdk-amd64/jre/lib/amd64/server/libjvm.so
7f9ba1d55000-7f9ba1f55000 ---p 00b18000 08:06 409636                     /usr/lib/jvm/java-7-openjdk-amd64/jre/lib/amd64/server/libjvm.so
7f9ba1f55000-7f9ba1fef000 r--p 00b18000 08:06 409636                     /usr/lib/jvm/java-7-openjdk-amd64/jre/lib/amd64/server/libjvm.so
7f9ba1fef000-7f9ba2012000 rw-p 00bb2000 08:06 409636                     /usr/lib/jvm/java-7-openjdk-amd64/jre/lib/amd64/server/libjvm.so
7f9ba2012000-7f9ba2040000 rw-p 00000000 00:00 0 
7f9ba2040000-7f9ba2058000 r-xp 00000000 08:06 1052897                    /lib/x86_64-linux-gnu/libz.so.1.2.8
7f9ba2058000-7f9ba2257000 ---p 00018000 08:06 1052897                    /lib/x86_64-linux-gnu/libz.so.1.2.8
7f9ba2257000-7f9ba2258000 r--p 00017000 08:06 1052897                    /lib/x86_64-linux-gnu/libz.so.1.2.8
7f9ba2258000-7f9ba2259000 rw-p 00018000 08:06 1052897                    /lib/x86_64-linux-gnu/libz.so.1.2.8
7f9ba2259000-7f9ba2272000 r-xp 00000000 08:06 1048677                    /lib/x86_64-linux-gnu/libpthread-2.19.so
7f9ba2272000-7f9ba2471000 ---p 00019000 08:06 1048677                    /lib/x86_64-linux-gnu/libpthread-2.19.so
7f9ba2471000-7f9ba2472000 r--p 00018000 08:06 1048677                    /lib/x86_64-linux-gnu/libpthread-2.19.so
7f9ba2472000-7f9ba2473000 rw-p 00019000 08:06 1048677                    /lib/x86_64-linux-gnu/libpthread-2.19.so
7f9ba2473000-7f9ba2477000 rw-p 00000000 00:00 0 
7f9ba2477000-7f9ba247a000 r-xp 00000000 08:06 1048665                    /lib/x86_64-linux-gnu/libdl-2.19.so
7f9ba247a000-7f9ba2679000 ---p 00003000 08:06 1048665                    /lib/x86_64-linux-gnu/libdl-2.19.so
7f9ba2679000-7f9ba267a000 r--p 00002000 08:06 1048665                    /lib/x86_64-linux-gnu/libdl-2.19.so
7f9ba267a000-7f9ba267b000 rw-p 00003000 08:06 1048665                    /lib/x86_64-linux-gnu/libdl-2.19.so
7f9ba267b000-7f9ba2836000 r-xp 00000000 08:06 1048676                    /lib/x86_64-linux-gnu/libc-2.19.so
7f9ba2836000-7f9ba2a35000 ---p 001bb000 08:06 1048676                    /lib/x86_64-linux-gnu/libc-2.19.so
7f9ba2a35000-7f9ba2a39000 r--p 001ba000 08:06 1048676                    /lib/x86_64-linux-gnu/libc-2.19.so
7f9ba2a39000-7f9ba2a3b000 rw-p 001be000 08:06 1048676                    /lib/x86_64-linux-gnu/libc-2.19.so
7f9ba2a3b000-7f9ba2a40000 rw-p 00000000 00:00 0 
7f9ba2a40000-7f9ba2a4d000 r-xp 00000000 08:06 409613                     /usr/lib/jvm/java-7-openjdk-amd64/jre/lib/amd64/jli/libjli.so
7f9ba2a4d000-7f9ba2c4c000 ---p 0000d000 08:06 409613                     /usr/lib/jvm/java-7-openjdk-amd64/jre/lib/amd64/jli/libjli.so
7f9ba2c4c000-7f9ba2c4d000 r--p 0000c000 08:06 409613                     /usr/lib/jvm/java-7-openjdk-amd64/jre/lib/amd64/jli/libjli.so
7f9ba2c4d000-7f9ba2c4e000 rw-p 0000d000 08:06 409613                     /usr/lib/jvm/java-7-openjdk-amd64/jre/lib/amd64/jli/libjli.so
7f9ba2c4e000-7f9ba2c71000 r-xp 00000000 08:06 1048673                    /lib/x86_64-linux-gnu/ld-2.19.so
7f9ba2c72000-7f9ba2c73000 rw-p 00000000 00:00 0 
7f9ba2c73000-7f9ba2c76000 r--s 00086000 08:06 409594                     /usr/lib/jvm/java-7-openjdk-amd64/jre/lib/ext/localedata.jar
7f9ba2c76000-7f9ba2c79000 r--s 0000f000 08:06 409589                     /usr/lib/jvm/java-7-openjdk-amd64/jre/lib/ext/icedtea-sound.jar
7f9ba2c79000-7f9ba2c7a000 r--s 00002000 08:06 409593                     /usr/lib/jvm/java-7-openjdk-amd64/jre/lib/ext/dnsns.jar
7f9ba2c7a000-7f9ba2c7e000 r--s 0003c000 08:06 409590                     /usr/lib/jvm/java-7-openjdk-amd64/jre/lib/ext/sunpkcs11.jar
7f9ba2c7e000-7f9ba2c82000 r--s 00034000 08:06 409591                     /usr/lib/jvm/java-7-openjdk-amd64/jre/lib/ext/sunjce_provider.jar
7f9ba2c82000-7f9ba2c84000 r--s 00006000 08:06 799731                     /usr/share/java/java-atk-wrapper.jar
7f9ba2c84000-7f9ba2c86000 r--s 00012000 08:06 409592                     /usr/lib/jvm/java-7-openjdk-amd64/jre/lib/ext/zipfs.jar
7f9ba2c86000-7f9ba2c90000 rw-p 00000000 00:00 0 
7f9ba2c90000-7f9ba2d46000 rw-p 00000000 00:00 0 
7f9ba2d46000-7f9ba2d49000 ---p 00000000 00:00 0 
7f9ba2d49000-7f9ba2e64000 rw-p 00000000 00:00 0                          [stack:27785]
7f9ba2e64000-7f9ba2e6c000 rw-s 00000000 08:06 2628127                    /tmp/hsperfdata_ngolebaoloc/27776
7f9ba2e6c000-7f9ba2e6d000 rw-p 00000000 00:00 0 
7f9ba2e6d000-7f9ba2e6e000 ---p 00000000 00:00 0 
7f9ba2e6e000-7f9ba2e70000 rw-p 00000000 00:00 0 
7f9ba2e70000-7f9ba2e71000 r--p 00022000 08:06 1048673                    /lib/x86_64-linux-gnu/ld-2.19.so
7f9ba2e71000-7f9ba2e72000 rw-p 00023000 08:06 1048673                    /lib/x86_64-linux-gnu/ld-2.19.so
7f9ba2e72000-7f9ba2e73000 rw-p 00000000 00:00 0 
7ffffc173000-7ffffc194000 rw-p 00000000 00:00 0                          [stack]
7ffffc1f8000-7ffffc1fa000 r-xp 00000000 00:00 0                          [vdso]
7ffffc1fa000-7ffffc1fc000 r--p 00000000 00:00 0                          [vvar]
ffffffffff600000-ffffffffff601000 r-xp 00000000 00:00 0                  [vsyscall]

VM Arguments:
jvm_args: -Xmx1024M 
java_command: /home/ngolebaoloc/android-sdk-linux/build-tools/21.1.2/lib/dx.jar --dex --no-optimize --output /home/ngolebaoloc/GitHub/Silver_Productivity/app/build/intermediates/dex/debug --input-list=/home/ngolebaoloc/GitHub/Silver_Productivity/app/build/intermediates/tmp/dex/debug/inputList.txt
Launcher Type: SUN_STANDARD

Environment Variables:
CLASSPATH=./../lib/bootstrap.jar:./../lib/extensions.jar:./../lib/util.jar:./../lib/jdom.jar:./../lib/log4j.jar:./../lib/trove4j.jar:./../lib/jna.jar:/usr/lib/jvm/java-7-openjdk-amd64/lib/tools.jar
PATH=/usr/local/sbin:/usr/local/bin:/usr/sbin:/usr/bin:/sbin:/bin:/usr/games:/usr/local/games
LD_LIBRARY_PATH=.:
SHELL=/bin/bash
DISPLAY=:0

Signal Handlers:
SIGSEGV: [libjvm.so+0x94b4b0], sa_mask[0]=0x7ffbfeff, sa_flags=0x10000004
SIGBUS: [libjvm.so+0x94b4b0], sa_mask[0]=0x7ffbfeff, sa_flags=0x10000004
SIGFPE: [libjvm.so+0x7c3390], sa_mask[0]=0x7ffbfeff, sa_flags=0x10000004
SIGPIPE: [libjvm.so+0x7c3390], sa_mask[0]=0x7ffbfeff, sa_flags=0x10000004
SIGXFSZ: [libjvm.so+0x7c3390], sa_mask[0]=0x7ffbfeff, sa_flags=0x10000004
SIGILL: [libjvm.so+0x7c3390], sa_mask[0]=0x7ffbfeff, sa_flags=0x10000004
SIGUSR1: SIG_DFL, sa_mask[0]=0x00000000, sa_flags=0x00000000
SIGUSR2: [libjvm.so+0x7c3230], sa_mask[0]=0x00000004, sa_flags=0x10000004
SIGHUP: [libjvm.so+0x7c3410], sa_mask[0]=0x7ffbfeff, sa_flags=0x10000004
SIGINT: [libjvm.so+0x7c3410], sa_mask[0]=0x7ffbfeff, sa_flags=0x10000004
SIGTERM: [libjvm.so+0x7c3410], sa_mask[0]=0x7ffbfeff, sa_flags=0x10000004
SIGQUIT: [libjvm.so+0x7c3410], sa_mask[0]=0x7ffbfeff, sa_flags=0x10000004
SIGTRAP: SIG_DFL, sa_mask[0]=0x00000000, sa_flags=0x00000000


---------------  S Y S T E M  ---------------

OS:Ubuntu 14.04 (trusty)
uname:Linux 3.16.0-31-generic #43~14.04.1-Ubuntu SMP Tue Mar 10 20:13:38 UTC 2015 x86_64
libc:glibc 2.19 NPTL 2.19 
rlimit: STACK 8192k, CORE 0k, NPROC 15256, NOFILE 4096, AS infinity
load average:8,45 4,88 3,42

/proc/meminfo:
MemTotal:        3927196 kB
MemFree:          113108 kB
MemAvailable:      72048 kB
Buffers:             304 kB
Cached:           619416 kB
SwapCached:        13812 kB
Active:          2654380 kB
Inactive:         907992 kB
Active(anon):    2637192 kB
Inactive(anon):   888824 kB
Active(file):      17188 kB
Inactive(file):    19168 kB
Unevictable:         704 kB
Mlocked:             704 kB
SwapTotal:       4073468 kB
SwapFree:             12 kB
Dirty:               752 kB
Writeback:             0 kB
AnonPages:       2931916 kB
Mapped:           210892 kB
Shmem:            582832 kB
Slab:              93148 kB
SReclaimable:      50464 kB
SUnreclaim:        42684 kB
KernelStack:       13776 kB
PageTables:        65328 kB
NFS_Unstable:          0 kB
Bounce:                0 kB
WritebackTmp:          0 kB
CommitLimit:     6037064 kB
Committed_AS:   15261196 kB
VmallocTotal:   34359738367 kB
VmallocUsed:      404664 kB
VmallocChunk:   34359239132 kB
HardwareCorrupted:     0 kB
AnonHugePages:    665600 kB
HugePages_Total:       0
HugePages_Free:        0
HugePages_Rsvd:        0
HugePages_Surp:        0
Hugepagesize:       2048 kB
DirectMap4k:      153840 kB
DirectMap2M:     3919872 kB


CPU:total 4 (2 cores per cpu, 2 threads per core) family 6 model 58 stepping 9, cmov, cx8, fxsr, mmx, sse, sse2, sse3, ssse3, sse4.1, sse4.2, popcnt, avx, aes, erms, ht, tsc, tscinvbit, tscinv

/proc/cpuinfo:
processor	: 0
vendor_id	: GenuineIntel
cpu family	: 6
model		: 58
model name	: Intel(R) Core(TM) i5-3210M CPU @ 2.50GHz
stepping	: 9
microcode	: 0x12
cpu MHz		: 2265.429
cache size	: 3072 KB
physical id	: 0
siblings	: 4
core id		: 0
cpu cores	: 2
apicid		: 0
initial apicid	: 0
fpu		: yes
fpu_exception	: yes
cpuid level	: 13
wp		: yes
flags		: fpu vme de pse tsc msr pae mce cx8 apic sep mtrr pge mca cmov pat pse36 clflush dts acpi mmx fxsr sse sse2 ss ht tm pbe syscall nx rdtscp lm constant_tsc arch_perfmon pebs bts rep_good nopl xtopology nonstop_tsc aperfmperf eagerfpu pni pclmulqdq dtes64 monitor ds_cpl vmx est tm2 ssse3 cx16 xtpr pdcm pcid sse4_1 sse4_2 x2apic popcnt tsc_deadline_timer aes xsave avx f16c rdrand lahf_lm ida arat epb xsaveopt pln pts dtherm tpr_shadow vnmi flexpriority ept vpid fsgsbase smep erms
bogomips	: 4988.67
clflush size	: 64
cache_alignment	: 64
address sizes	: 36 bits physical, 48 bits virtual
power management:

processor	: 1
vendor_id	: GenuineIntel
cpu family	: 6
model		: 58
model name	: Intel(R) Core(TM) i5-3210M CPU @ 2.50GHz
stepping	: 9
microcode	: 0x12
cpu MHz		: 2163.964
cache size	: 3072 KB
physical id	: 0
siblings	: 4
core id		: 1
cpu cores	: 2
apicid		: 2
initial apicid	: 2
fpu		: yes
fpu_exception	: yes
cpuid level	: 13
wp		: yes
flags		: fpu vme de pse tsc msr pae mce cx8 apic sep mtrr pge mca cmov pat pse36 clflush dts acpi mmx fxsr sse sse2 ss ht tm pbe syscall nx rdtscp lm constant_tsc arch_perfmon pebs bts rep_good nopl xtopology nonstop_tsc aperfmperf eagerfpu pni pclmulqdq dtes64 monitor ds_cpl vmx est tm2 ssse3 cx16 xtpr pdcm pcid sse4_1 sse4_2 x2apic popcnt tsc_deadline_timer aes xsave avx f16c rdrand lahf_lm ida arat epb xsaveopt pln pts dtherm tpr_shadow vnmi flexpriority ept vpid fsgsbase smep erms
bogomips	: 4988.67
clflush size	: 64
cache_alignment	: 64
address sizes	: 36 bits physical, 48 bits virtual
power management:

processor	: 2
vendor_id	: GenuineIntel
cpu family	: 6
model		: 58
model name	: Intel(R) Core(TM) i5-3210M CPU @ 2.50GHz
stepping	: 9
microcode	: 0x12
cpu MHz		: 2288.281
cache size	: 3072 KB
physical id	: 0
siblings	: 4
core id		: 0
cpu cores	: 2
apicid		: 1
initial apicid	: 1
fpu		: yes
fpu_exception	: yes
cpuid level	: 13
wp		: yes
flags		: fpu vme de pse tsc msr pae mce cx8 apic sep mtrr pge mca cmov pat pse36 clflush dts acpi mmx fxsr sse sse2 ss ht tm pbe syscall nx rdtscp lm constant_tsc arch_perfmon pebs bts rep_good nopl xtopology nonstop_tsc aperfmperf eagerfpu pni pclmulqdq dtes64 monitor ds_cpl vmx est tm2 ssse3 cx16 xtpr pdcm pcid sse4_1 sse4_2 x2apic popcnt tsc_deadline_timer aes xsave avx f16c rdrand lahf_lm ida arat epb xsaveopt pln pts dtherm tpr_shadow vnmi flexpriority ept vpid fsgsbase smep erms
bogomips	: 4988.67
clflush size	: 64
cache_alignment	: 64
address sizes	: 36 bits physical, 48 bits virtual
power management:

processor	: 3
vendor_id	: GenuineIntel
cpu family	: 6
model		: 58
model name	: Intel(R) Core(TM) i5-3210M CPU @ 2.50GHz
stepping	: 9
microcode	: 0x12
cpu MHz		: 1935.546
cache size	: 3072 KB
physical id	: 0
siblings	: 4
core id		: 1
cpu cores	: 2
apicid		: 3
initial apicid	: 3
fpu		: yes
fpu_exception	: yes
cpuid level	: 13
wp		: yes
flags		: fpu vme de pse tsc msr pae mce cx8 apic sep mtrr pge mca cmov pat pse36 clflush dts acpi mmx fxsr sse sse2 ss ht tm pbe syscall nx rdtscp lm constant_tsc arch_perfmon pebs bts rep_good nopl xtopology nonstop_tsc aperfmperf eagerfpu pni pclmulqdq dtes64 monitor ds_cpl vmx est tm2 ssse3 cx16 xtpr pdcm pcid sse4_1 sse4_2 x2apic popcnt tsc_deadline_timer aes xsave avx f16c rdrand lahf_lm ida arat epb xsaveopt pln pts dtherm tpr_shadow vnmi flexpriority ept vpid fsgsbase smep erms
bogomips	: 4988.67
clflush size	: 64
cache_alignment	: 64
address sizes	: 36 bits physical, 48 bits virtual
power management:



Memory: 4k page, physical 3927196k(113108k free), swap 4073468k(12k free)

vm_info: OpenJDK 64-Bit Server VM (24.75-b04) for linux-amd64 JRE (1.7.0_75-b13), built on Jan 27 2015 00:38:59 by "buildd" with gcc 4.8.2

time: Mon Mar 30 05:23:17 2015
elapsed time: 28 seconds

